[2020-04-26 04:59:40] app.INFO: Protect vendor folder in module contactform [] []
[2020-04-26 04:59:40] app.INFO: Module contactform has no vendor folder [] []
[2020-04-26 04:59:40] app.INFO: Protect vendor folder in module dashactivity [] []
[2020-04-26 04:59:40] app.INFO: Module dashactivity has no vendor folder [] []
[2020-04-26 04:59:40] app.INFO: Protect vendor folder in module dashtrends [] []
[2020-04-26 04:59:40] app.INFO: Module dashtrends has no vendor folder [] []
[2020-04-26 04:59:42] app.INFO: Protect vendor folder in module dashgoals [] []
[2020-04-26 04:59:42] app.INFO: Module dashgoals has no vendor folder [] []
[2020-04-26 04:59:42] app.INFO: Protect vendor folder in module dashproducts [] []
[2020-04-26 04:59:42] app.INFO: Module dashproducts has no vendor folder [] []
[2020-04-26 04:59:43] app.INFO: Protect vendor folder in module graphnvd3 [] []
[2020-04-26 04:59:43] app.INFO: Module graphnvd3 has no vendor folder [] []
[2020-04-26 04:59:43] app.INFO: Protect vendor folder in module gridhtml [] []
[2020-04-26 04:59:43] app.INFO: Module gridhtml has no vendor folder [] []
[2020-04-26 04:59:43] app.INFO: Protect vendor folder in module gsitemap [] []
[2020-04-26 04:59:43] app.INFO: Module gsitemap has no vendor folder [] []
[2020-04-26 04:59:44] app.INFO: Protect vendor folder in module ps_banner [] []
[2020-04-26 04:59:44] app.INFO: Module ps_banner has no vendor folder [] []
[2020-04-26 04:59:44] app.INFO: Protect vendor folder in module ps_categorytree [] []
[2020-04-26 04:59:44] app.INFO: Module ps_categorytree has no vendor folder [] []
[2020-04-26 04:59:45] app.INFO: Protect vendor folder in module ps_checkpayment [] []
[2020-04-26 04:59:45] app.INFO: Module ps_checkpayment has no vendor folder [] []
[2020-04-26 04:59:45] app.INFO: Protect vendor folder in module ps_contactinfo [] []
[2020-04-26 04:59:45] app.INFO: Module ps_contactinfo has no vendor folder [] []
[2020-04-26 04:59:46] app.INFO: Protect vendor folder in module ps_currencyselector [] []
[2020-04-26 04:59:46] app.INFO: Module ps_currencyselector has no vendor folder [] []
[2020-04-26 04:59:46] app.INFO: Protect vendor folder in module ps_customeraccountlinks [] []
[2020-04-26 04:59:46] app.INFO: Module ps_customeraccountlinks has no vendor folder [] []
[2020-04-26 04:59:46] app.INFO: Protect vendor folder in module ps_customersignin [] []
[2020-04-26 04:59:46] app.INFO: Module ps_customersignin has no vendor folder [] []
[2020-04-26 04:59:47] app.INFO: Protect vendor folder in module ps_customtext [] []
[2020-04-26 04:59:47] app.INFO: Module ps_customtext has no vendor folder [] []
[2020-04-26 04:59:48] app.INFO: Protect vendor folder in module ps_emailsubscription [] []
[2020-04-26 04:59:48] app.INFO: Module ps_emailsubscription has no vendor folder [] []
[2020-04-26 04:59:52] app.INFO: Protect vendor folder in module ps_facetedsearch [] []
[2020-04-26 04:59:52] app.INFO: Module ps_facetedsearch has no vendor folder [] []
[2020-04-26 04:59:52] app.INFO: Protect vendor folder in module ps_faviconnotificationbo [] []
[2020-04-26 04:59:52] app.INFO: Module ps_faviconnotificationbo has no vendor folder [] []
[2020-04-26 04:59:53] app.INFO: Protect vendor folder in module ps_featuredproducts [] []
[2020-04-26 04:59:53] app.INFO: Module ps_featuredproducts has no vendor folder [] []
[2020-04-26 04:59:54] app.INFO: Protect vendor folder in module ps_imageslider [] []
[2020-04-26 04:59:54] app.INFO: Module ps_imageslider has no vendor folder [] []
[2020-04-26 04:59:54] app.INFO: Protect vendor folder in module ps_languageselector [] []
[2020-04-26 04:59:54] app.INFO: Module ps_languageselector has no vendor folder [] []
[2020-04-26 04:59:55] app.INFO: Protect vendor folder in module ps_linklist [] []
[2020-04-26 04:59:55] app.INFO: Module ps_linklist has no vendor folder [] []
[2020-04-26 04:59:55] app.ERROR: Class "AdminLinkWidgetController" not found in controllers/admin [] []
[2020-04-26 04:59:57] app.INFO: Protect vendor folder in module ps_mainmenu [] []
[2020-04-26 04:59:57] app.INFO: Module ps_mainmenu has no vendor folder [] []
[2020-04-26 04:59:57] app.INFO: Protect vendor folder in module ps_searchbar [] []
[2020-04-26 04:59:57] app.INFO: Module ps_searchbar has no vendor folder [] []
[2020-04-26 04:59:57] app.INFO: Protect vendor folder in module ps_sharebuttons [] []
[2020-04-26 04:59:57] app.INFO: Module ps_sharebuttons has no vendor folder [] []
[2020-04-26 04:59:58] app.INFO: Protect vendor folder in module ps_shoppingcart [] []
[2020-04-26 04:59:58] app.INFO: Module ps_shoppingcart has no vendor folder [] []
[2020-04-26 04:59:58] app.INFO: Protect vendor folder in module ps_socialfollow [] []
[2020-04-26 04:59:58] app.INFO: Module ps_socialfollow has no vendor folder [] []
[2020-04-26 04:59:59] app.INFO: Protect vendor folder in module ps_themecusto [] []
[2020-04-26 04:59:59] app.INFO: Module ps_themecusto has no vendor folder [] []
[2020-04-26 05:00:05] app.INFO: Protect vendor folder in module ps_wirepayment [] []
[2020-04-26 05:00:05] app.INFO: Module ps_wirepayment has no vendor folder [] []
[2020-04-26 05:00:19] app.INFO: Protect vendor folder in module pagesnotfound [] []
[2020-04-26 05:00:21] app.INFO: Module pagesnotfound has no vendor folder [] []
[2020-04-26 05:00:34] app.INFO: Protect vendor folder in module sekeywords [] []
[2020-04-26 05:00:34] app.INFO: Module sekeywords has no vendor folder [] []
[2020-04-26 05:00:39] app.INFO: Protect vendor folder in module statsbestcategories [] []
[2020-04-26 05:00:42] app.INFO: Module statsbestcategories has no vendor folder [] []
[2020-04-26 05:00:58] app.INFO: Protect vendor folder in module statsbestcustomers [] []
[2020-04-26 05:00:58] app.INFO: Module statsbestcustomers has no vendor folder [] []
[2020-04-26 05:00:59] app.INFO: Protect vendor folder in module statsbestproducts [] []
[2020-04-26 05:00:59] app.INFO: Module statsbestproducts has no vendor folder [] []
[2020-04-26 05:01:00] app.INFO: Protect vendor folder in module statsbestsuppliers [] []
[2020-04-26 05:01:00] app.INFO: Module statsbestsuppliers has no vendor folder [] []
[2020-04-26 05:01:05] app.INFO: Protect vendor folder in module statsbestvouchers [] []
[2020-04-26 05:01:05] app.INFO: Module statsbestvouchers has no vendor folder [] []
[2020-04-26 05:01:06] app.INFO: Protect vendor folder in module statscarrier [] []
[2020-04-26 05:01:06] app.INFO: Module statscarrier has no vendor folder [] []
[2020-04-26 05:01:06] app.INFO: Protect vendor folder in module statscatalog [] []
[2020-04-26 05:01:07] app.INFO: Module statscatalog has no vendor folder [] []
[2020-04-26 05:01:08] app.INFO: Protect vendor folder in module statscheckup [] []
[2020-04-26 05:01:08] app.INFO: Module statscheckup has no vendor folder [] []
[2020-04-26 05:01:11] app.INFO: Protect vendor folder in module statsdata [] []
[2020-04-26 05:01:11] app.INFO: Module statsdata has no vendor folder [] []
[2020-04-26 05:01:11] app.INFO: Protect vendor folder in module statsequipment [] []
[2020-04-26 05:01:11] app.INFO: Module statsequipment has no vendor folder [] []
[2020-04-26 05:01:12] app.INFO: Protect vendor folder in module statsforecast [] []
[2020-04-26 05:01:12] app.INFO: Module statsforecast has no vendor folder [] []
[2020-04-26 05:01:14] app.INFO: Protect vendor folder in module statslive [] []
[2020-04-26 05:01:14] app.INFO: Module statslive has no vendor folder [] []
[2020-04-26 05:01:15] app.INFO: Protect vendor folder in module statsnewsletter [] []
[2020-04-26 05:01:15] app.INFO: Module statsnewsletter has no vendor folder [] []
[2020-04-26 05:01:16] app.INFO: Protect vendor folder in module statsorigin [] []
[2020-04-26 05:01:16] app.INFO: Module statsorigin has no vendor folder [] []
[2020-04-26 05:01:16] app.INFO: Protect vendor folder in module statspersonalinfos [] []
[2020-04-26 05:01:16] app.INFO: Module statspersonalinfos has no vendor folder [] []
[2020-04-26 05:01:17] app.INFO: Protect vendor folder in module statsproduct [] []
[2020-04-26 05:01:17] app.INFO: Module statsproduct has no vendor folder [] []
[2020-04-26 05:01:17] app.INFO: Protect vendor folder in module statsregistrations [] []
[2020-04-26 05:01:17] app.INFO: Module statsregistrations has no vendor folder [] []
[2020-04-26 05:01:19] app.INFO: Protect vendor folder in module statssales [] []
[2020-04-26 05:01:19] app.INFO: Module statssales has no vendor folder [] []
[2020-04-26 05:01:20] app.INFO: Protect vendor folder in module statssearch [] []
[2020-04-26 05:01:20] app.INFO: Module statssearch has no vendor folder [] []
[2020-04-26 05:01:21] app.INFO: Protect vendor folder in module statsstock [] []
[2020-04-26 05:01:21] app.INFO: Module statsstock has no vendor folder [] []
[2020-04-26 05:01:21] app.INFO: Protect vendor folder in module statsvisits [] []
[2020-04-26 05:01:21] app.INFO: Module statsvisits has no vendor folder [] []
[2020-04-26 05:01:23] app.INFO: Protect vendor folder in module welcome [] []
[2020-04-26 05:01:31] app.INFO: Exporting mail with theme modern for language Espa침ol (Spanish) [] []
[2020-04-26 05:01:31] app.INFO: Core output folder: /home2/tuquidel/public_html/ecommerce/mails [] []
[2020-04-26 05:01:31] app.INFO: Modules output folder: /home2/tuquidel/public_html/ecommerce/modules/ [] []
[2020-04-26 05:01:42] app.INFO: Exporting mail with theme modern for language Espa침ol PE (Spanish) [] []
[2020-04-26 05:01:42] app.INFO: Core output folder: /home2/tuquidel/public_html/ecommerce/mails [] []
[2020-04-26 05:01:42] app.INFO: Modules output folder: /home2/tuquidel/public_html/ecommerce/modules/ [] []
[2020-04-26 02:34:06] request.INFO: Matched route "admin_module_manage_action". {"route":"admin_module_manage_action","route_parameters":{"_controller":"PrestaShopBundle\\Controller\\Admin\\Improve\\ModuleController::moduleAction","action":"upgrade","module_name":"ps_themecusto","_route":"admin_module_manage_action"},"request_uri":"https://tuquidelivery.com/ecommerce/admin/index.php/improve/modules/manage/action/upgrade/ps_themecusto?_token=dFCCL3-sN89q-t6VzDLZEbpYXEwk_NclNqzoiHPk5pA","method":"POST"} []
[2020-04-26 02:34:06] security.DEBUG: Read existing security token from the session. {"key":"_security_main","token_class":"Symfony\\Component\\Security\\Core\\Authentication\\Token\\UsernamePasswordToken"} []
[2020-04-26 02:34:06] security.DEBUG: User was reloaded from a user provider. {"provider":"PrestaShopBundle\\Security\\Admin\\EmployeeProvider","username":"ronalddanilo90@hotmail.com"} []
[2020-04-26 02:34:12] app.ERROR: Excepci칩n emitida por el m칩dulo ps_themecusto en upgrade. Error sent by Addons. You may need to be logged. [] []
[2020-04-26 02:34:12] security.DEBUG: Stored the security token in the session. {"key":"_security_main"} []
